Arguments: 
  /usr/bin/node /usr/share/yarn/bin/yarn.js start

PATH: 
  /usr/local/sbin:/usr/local/bin:/usr/sbin:/usr/bin:/sbin:/bin:/usr/games:/usr/local/games:/snap/bin

Yarn version: 
  1.5.1

Node version: 
  6.11.4

Platform: 
  linux x64

npm manifest: 
  {
    "name": "JS-Neural-Net",
    "version": "1.0.0",
    "main": "index.js",
    "repository": "https://github.com/CameronProbert/JS-Neural-Net.git",
    "author": "catherinefromont <catherinegfromont@gmail.com>",
    "license": "MIT",
    "scripts": {
      "start": "node index"
    },
    "dependencies": {
      "lodash": "^4.17.5",
      "sigmoid": "^0.0.1"
    }
  }

yarn manifest: 
  No manifest

Lockfile: 
  # THIS IS AN AUTOGENERATED FILE. DO NOT EDIT THIS FILE DIRECTLY.
  # yarn lockfile v1
  
  
  lodash@^4.17.5:
    version "4.17.5"
    resolved "https://registry.yarnpkg.com/lodash/-/lodash-4.17.5.tgz#99a92d65c0272debe8c96b6057bc8fbfa3bed511"
  
  sigmoid@^0.0.1:
    version "0.0.1"
    resolved "https://registry.yarnpkg.com/sigmoid/-/sigmoid-0.0.1.tgz#b15d37258742293f697008162ab8b9ac4749b4a4"

Trace: 
  Error: Command failed.
  Exit code: 1
  Command: sh
  Arguments: -c node index
  Directory: /home/cameron/workspace/JS-Neural-Net
  Output:
  
      at ProcessTermError.Error (native)
      at ProcessTermError.MessageError (/usr/share/yarn/lib/cli.js:186:110)
      at new ProcessTermError (/usr/share/yarn/lib/cli.js:226:113)
      at ChildProcess.<anonymous> (/usr/share/yarn/lib/cli.js:30281:17)
      at emitTwo (events.js:106:13)
      at ChildProcess.emit (events.js:191:7)
      at maybeClose (internal/child_process.js:920:16)
      at Process.ChildProcess._handle.onexit (internal/child_process.js:230:5)
